<?xml version="1.0" encoding="UTF-8"?>
<robot generator="Robot 3.2.2 (Python 3.9.2 on win32)" generated="20210503 04:05:01.459" rpa="false">
<suite id="s1" name="New Project" source="C:\Users\Salma\eclipse-workspace\new project">
<suite id="s1-s1" name="Test" source="C:\Users\Salma\eclipse-workspace\new project\Test">
<suite id="s1-s1-s1" name="LoginTest" source="C:\Users\Salma\eclipse-workspace\new project\Test\LoginTest.robot">
<kw name=" startdriver" library="testBase" type="setup">
<kw name="Open Browser" library="SeleniumLibrary">
<doc>Opens a new browser instance to the optional ``url``.</doc>
<arguments>
<arg>${URL}</arg>
<arg>${Driver}</arg>
</arguments>
<msg timestamp="20210503 04:05:02.212" level="INFO">Opening browser 'chrome' to base url 'https://the-internet.herokuapp.com/'.</msg>
<status status="PASS" starttime="20210503 04:05:02.211" endtime="20210503 04:05:07.314"></status>
</kw>
<kw name="Maximize Browser Window" library="SeleniumLibrary">
<doc>Maximizes current browser window.</doc>
<status status="PASS" starttime="20210503 04:05:07.314" endtime="20210503 04:05:07.441"></status>
</kw>
<status status="PASS" starttime="20210503 04:05:02.211" endtime="20210503 04:05:07.442"></status>
</kw>
<test id="s1-s1-s1-t1" name="check using DDT">
<kw name="login">
<arguments>
<arg>salma</arg>
<arg>test</arg>
</arguments>
<kw name="invalid login" library="LoginPage">
<arguments>
<arg>${name}</arg>
<arg>${pass}</arg>
</arguments>
<kw name="Click Element" library="SeleniumLibrary">
<doc>Click the element identified by ``locator``.</doc>
<arguments>
<arg>${form auth }</arg>
</arguments>
<msg timestamp="20210503 04:05:07.449" level="INFO">Clicking element 'xpath://*[@id="content"]/ul/li[21]/a'.</msg>
<status status="PASS" starttime="20210503 04:05:07.448" endtime="20210503 04:05:08.016"></status>
</kw>
<kw name="Input Text" library="SeleniumLibrary">
<doc>Types the given ``text`` into the text field identified by ``locator``.</doc>
<arguments>
<arg>${username}</arg>
<arg>${name}</arg>
</arguments>
<msg timestamp="20210503 04:05:08.018" level="INFO">Typing text 'salma' into text field 'id:username'.</msg>
<status status="PASS" starttime="20210503 04:05:08.016" endtime="20210503 04:05:08.105"></status>
</kw>
<kw name="Sleep" library="BuiltIn">
<doc>Pauses the test executed for the given time.</doc>
<arguments>
<arg>3s</arg>
</arguments>
<msg timestamp="20210503 04:05:11.120" level="INFO">Slept 3 seconds</msg>
<status status="PASS" starttime="20210503 04:05:08.105" endtime="20210503 04:05:11.120"></status>
</kw>
<kw name="Input Password" library="SeleniumLibrary">
<doc>Types the given password into the text field identified by ``locator``.</doc>
<arguments>
<arg>${password}</arg>
<arg>${pass}</arg>
</arguments>
<msg timestamp="20210503 04:05:11.123" level="INFO">Typing password into text field 'id:password'.</msg>
<msg timestamp="20210503 04:05:11.169" level="INFO">Temporally setting log level to: NONE</msg>
<msg timestamp="20210503 04:05:11.208" level="INFO">Log level changed from NONE to INFO.</msg>
<status status="PASS" starttime="20210503 04:05:11.121" endtime="20210503 04:05:11.208"></status>
</kw>
<kw name="Sleep" library="BuiltIn">
<doc>Pauses the test executed for the given time.</doc>
<arguments>
<arg>3s</arg>
</arguments>
<msg timestamp="20210503 04:05:14.222" level="INFO">Slept 3 seconds</msg>
<status status="PASS" starttime="20210503 04:05:11.208" endtime="20210503 04:05:14.223"></status>
</kw>
<kw name="Click Button" library="SeleniumLibrary">
<doc>Clicks the button identified by ``locator``.</doc>
<arguments>
<arg>${login btn }</arg>
</arguments>
<msg timestamp="20210503 04:05:14.228" level="INFO">Clicking button 'xpath://*[@id="login"]/button'.</msg>
<status status="PASS" starttime="20210503 04:05:14.223" endtime="20210503 04:05:14.654"></status>
</kw>
<kw name="Sleep" library="BuiltIn">
<doc>Pauses the test executed for the given time.</doc>
<arguments>
<arg>3s</arg>
</arguments>
<msg timestamp="20210503 04:05:17.669" level="INFO">Slept 3 seconds</msg>
<status status="PASS" starttime="20210503 04:05:14.654" endtime="20210503 04:05:17.670"></status>
</kw>
<status status="PASS" starttime="20210503 04:05:07.447" endtime="20210503 04:05:17.670"></status>
</kw>
<kw name="Sleep" library="BuiltIn">
<doc>Pauses the test executed for the given time.</doc>
<arguments>
<arg>2s</arg>
</arguments>
<msg timestamp="20210503 04:05:19.677" level="INFO">Slept 2 seconds</msg>
<status status="PASS" starttime="20210503 04:05:17.671" endtime="20210503 04:05:19.677"></status>
</kw>
<kw name="Element Should Contain" library="SeleniumLibrary">
<doc>Verifies that element ``locator`` contains text ``expected``.</doc>
<arguments>
<arg>${message}</arg>
<arg>Your username is invalid!</arg>
</arguments>
<msg timestamp="20210503 04:05:19.713" level="INFO">Element 'id:flash' contains text 'Your username is invalid!'.</msg>
<status status="PASS" starttime="20210503 04:05:19.679" endtime="20210503 04:05:19.714"></status>
</kw>
<kw name="Sleep" library="BuiltIn">
<doc>Pauses the test executed for the given time.</doc>
<arguments>
<arg>2s</arg>
</arguments>
<msg timestamp="20210503 04:05:21.726" level="INFO">Slept 2 seconds</msg>
<status status="PASS" starttime="20210503 04:05:19.714" endtime="20210503 04:05:21.726"></status>
</kw>
<kw name="Go To" library="SeleniumLibrary">
<doc>Navigates the current browser window to the provided ``url``.</doc>
<arguments>
<arg>https://the-internet.herokuapp.com/</arg>
</arguments>
<msg timestamp="20210503 04:05:21.728" level="INFO">Opening url 'https://the-internet.herokuapp.com/'</msg>
<status status="PASS" starttime="20210503 04:05:21.727" endtime="20210503 04:05:21.945"></status>
</kw>
<status status="PASS" starttime="20210503 04:05:07.444" endtime="20210503 04:05:21.945"></status>
</kw>
<status status="PASS" starttime="20210503 04:05:07.442" endtime="20210503 04:05:21.946" critical="yes"></status>
</test>
<test id="s1-s1-s1-t2" name="check using DDT">
<kw name="login">
<arguments>
<arg>admin</arg>
<arg>admin </arg>
</arguments>
<kw name="invalid login" library="LoginPage">
<arguments>
<arg>${name}</arg>
<arg>${pass}</arg>
</arguments>
<kw name="Click Element" library="SeleniumLibrary">
<doc>Click the element identified by ``locator``.</doc>
<arguments>
<arg>${form auth }</arg>
</arguments>
<msg timestamp="20210503 04:05:21.954" level="INFO">Clicking element 'xpath://*[@id="content"]/ul/li[21]/a'.</msg>
<status status="PASS" starttime="20210503 04:05:21.953" endtime="20210503 04:05:22.198"></status>
</kw>
<kw name="Input Text" library="SeleniumLibrary">
<doc>Types the given ``text`` into the text field identified by ``locator``.</doc>
<arguments>
<arg>${username}</arg>
<arg>${name}</arg>
</arguments>
<msg timestamp="20210503 04:05:22.199" level="INFO">Typing text 'admin' into text field 'id:username'.</msg>
<status status="PASS" starttime="20210503 04:05:22.199" endtime="20210503 04:05:22.264"></status>
</kw>
<kw name="Sleep" library="BuiltIn">
<doc>Pauses the test executed for the given time.</doc>
<arguments>
<arg>3s</arg>
</arguments>
<msg timestamp="20210503 04:05:25.272" level="INFO">Slept 3 seconds</msg>
<status status="PASS" starttime="20210503 04:05:22.265" endtime="20210503 04:05:25.272"></status>
</kw>
<kw name="Input Password" library="SeleniumLibrary">
<doc>Types the given password into the text field identified by ``locator``.</doc>
<arguments>
<arg>${password}</arg>
<arg>${pass}</arg>
</arguments>
<msg timestamp="20210503 04:05:25.275" level="INFO">Typing password into text field 'id:password'.</msg>
<msg timestamp="20210503 04:05:25.322" level="INFO">Temporally setting log level to: NONE</msg>
<msg timestamp="20210503 04:05:25.353" level="INFO">Log level changed from NONE to INFO.</msg>
<status status="PASS" starttime="20210503 04:05:25.273" endtime="20210503 04:05:25.354"></status>
</kw>
<kw name="Sleep" library="BuiltIn">
<doc>Pauses the test executed for the given time.</doc>
<arguments>
<arg>3s</arg>
</arguments>
<msg timestamp="20210503 04:05:28.359" level="INFO">Slept 3 seconds</msg>
<status status="PASS" starttime="20210503 04:05:25.354" endtime="20210503 04:05:28.360"></status>
</kw>
<kw name="Click Button" library="SeleniumLibrary">
<doc>Clicks the button identified by ``locator``.</doc>
<arguments>
<arg>${login btn }</arg>
</arguments>
<msg timestamp="20210503 04:05:28.362" level="INFO">Clicking button 'xpath://*[@id="login"]/button'.</msg>
<status status="PASS" starttime="20210503 04:05:28.361" endtime="20210503 04:05:28.834"></status>
</kw>
<kw name="Sleep" library="BuiltIn">
<doc>Pauses the test executed for the given time.</doc>
<arguments>
<arg>3s</arg>
</arguments>
<msg timestamp="20210503 04:05:31.843" level="INFO">Slept 3 seconds</msg>
<status status="PASS" starttime="20210503 04:05:28.835" endtime="20210503 04:05:31.843"></status>
</kw>
<status status="PASS" starttime="20210503 04:05:21.952" endtime="20210503 04:05:31.844"></status>
</kw>
<kw name="Sleep" library="BuiltIn">
<doc>Pauses the test executed for the given time.</doc>
<arguments>
<arg>2s</arg>
</arguments>
<msg timestamp="20210503 04:05:33.847" level="INFO">Slept 2 seconds</msg>
<status status="PASS" starttime="20210503 04:05:31.845" endtime="20210503 04:05:33.847"></status>
</kw>
<kw name="Element Should Contain" library="SeleniumLibrary">
<doc>Verifies that element ``locator`` contains text ``expected``.</doc>
<arguments>
<arg>${message}</arg>
<arg>Your username is invalid!</arg>
</arguments>
<msg timestamp="20210503 04:05:33.870" level="INFO">Element 'id:flash' contains text 'Your username is invalid!'.</msg>
<status status="PASS" starttime="20210503 04:05:33.848" endtime="20210503 04:05:33.870"></status>
</kw>
<kw name="Sleep" library="BuiltIn">
<doc>Pauses the test executed for the given time.</doc>
<arguments>
<arg>2s</arg>
</arguments>
<msg timestamp="20210503 04:05:35.879" level="INFO">Slept 2 seconds</msg>
<status status="PASS" starttime="20210503 04:05:33.870" endtime="20210503 04:05:35.879"></status>
</kw>
<kw name="Go To" library="SeleniumLibrary">
<doc>Navigates the current browser window to the provided ``url``.</doc>
<arguments>
<arg>https://the-internet.herokuapp.com/</arg>
</arguments>
<msg timestamp="20210503 04:05:35.881" level="INFO">Opening url 'https://the-internet.herokuapp.com/'</msg>
<status status="PASS" starttime="20210503 04:05:35.880" endtime="20210503 04:05:36.128"></status>
</kw>
<status status="PASS" starttime="20210503 04:05:21.952" endtime="20210503 04:05:36.129"></status>
</kw>
<status status="PASS" starttime="20210503 04:05:21.949" endtime="20210503 04:05:36.131" critical="yes"></status>
</test>
<test id="s1-s1-s1-t3" name="check using DDT">
<kw name="login">
<arguments>
<arg>test</arg>
<arg>12345</arg>
</arguments>
<kw name="invalid login" library="LoginPage">
<arguments>
<arg>${name}</arg>
<arg>${pass}</arg>
</arguments>
<kw name="Click Element" library="SeleniumLibrary">
<doc>Click the element identified by ``locator``.</doc>
<arguments>
<arg>${form auth }</arg>
</arguments>
<msg timestamp="20210503 04:05:36.136" level="INFO">Clicking element 'xpath://*[@id="content"]/ul/li[21]/a'.</msg>
<status status="PASS" starttime="20210503 04:05:36.135" endtime="20210503 04:05:36.383"></status>
</kw>
<kw name="Input Text" library="SeleniumLibrary">
<doc>Types the given ``text`` into the text field identified by ``locator``.</doc>
<arguments>
<arg>${username}</arg>
<arg>${name}</arg>
</arguments>
<msg timestamp="20210503 04:05:36.384" level="INFO">Typing text 'test' into text field 'id:username'.</msg>
<status status="PASS" starttime="20210503 04:05:36.383" endtime="20210503 04:05:36.448"></status>
</kw>
<kw name="Sleep" library="BuiltIn">
<doc>Pauses the test executed for the given time.</doc>
<arguments>
<arg>3s</arg>
</arguments>
<msg timestamp="20210503 04:05:39.463" level="INFO">Slept 3 seconds</msg>
<status status="PASS" starttime="20210503 04:05:36.449" endtime="20210503 04:05:39.464"></status>
</kw>
<kw name="Input Password" library="SeleniumLibrary">
<doc>Types the given password into the text field identified by ``locator``.</doc>
<arguments>
<arg>${password}</arg>
<arg>${pass}</arg>
</arguments>
<msg timestamp="20210503 04:05:39.466" level="INFO">Typing password into text field 'id:password'.</msg>
<msg timestamp="20210503 04:05:39.524" level="INFO">Temporally setting log level to: NONE</msg>
<msg timestamp="20210503 04:05:39.566" level="INFO">Log level changed from NONE to INFO.</msg>
<status status="PASS" starttime="20210503 04:05:39.465" endtime="20210503 04:05:39.566"></status>
</kw>
<kw name="Sleep" library="BuiltIn">
<doc>Pauses the test executed for the given time.</doc>
<arguments>
<arg>3s</arg>
</arguments>
<msg timestamp="20210503 04:05:42.579" level="INFO">Slept 3 seconds</msg>
<status status="PASS" starttime="20210503 04:05:39.566" endtime="20210503 04:05:42.579"></status>
</kw>
<kw name="Click Button" library="SeleniumLibrary">
<doc>Clicks the button identified by ``locator``.</doc>
<arguments>
<arg>${login btn }</arg>
</arguments>
<msg timestamp="20210503 04:05:42.580" level="INFO">Clicking button 'xpath://*[@id="login"]/button'.</msg>
<status status="PASS" starttime="20210503 04:05:42.580" endtime="20210503 04:05:43.028"></status>
</kw>
<kw name="Sleep" library="BuiltIn">
<doc>Pauses the test executed for the given time.</doc>
<arguments>
<arg>3s</arg>
</arguments>
<msg timestamp="20210503 04:05:46.035" level="INFO">Slept 3 seconds</msg>
<status status="PASS" starttime="20210503 04:05:43.029" endtime="20210503 04:05:46.035"></status>
</kw>
<status status="PASS" starttime="20210503 04:05:36.135" endtime="20210503 04:05:46.035"></status>
</kw>
<kw name="Sleep" library="BuiltIn">
<doc>Pauses the test executed for the given time.</doc>
<arguments>
<arg>2s</arg>
</arguments>
<msg timestamp="20210503 04:05:48.048" level="INFO">Slept 2 seconds</msg>
<status status="PASS" starttime="20210503 04:05:46.036" endtime="20210503 04:05:48.048"></status>
</kw>
<kw name="Element Should Contain" library="SeleniumLibrary">
<doc>Verifies that element ``locator`` contains text ``expected``.</doc>
<arguments>
<arg>${message}</arg>
<arg>Your username is invalid!</arg>
</arguments>
<msg timestamp="20210503 04:05:48.079" level="INFO">Element 'id:flash' contains text 'Your username is invalid!'.</msg>
<status status="PASS" starttime="20210503 04:05:48.049" endtime="20210503 04:05:48.079"></status>
</kw>
<kw name="Sleep" library="BuiltIn">
<doc>Pauses the test executed for the given time.</doc>
<arguments>
<arg>2s</arg>
</arguments>
<msg timestamp="20210503 04:05:50.094" level="INFO">Slept 2 seconds</msg>
<status status="PASS" starttime="20210503 04:05:48.080" endtime="20210503 04:05:50.094"></status>
</kw>
<kw name="Go To" library="SeleniumLibrary">
<doc>Navigates the current browser window to the provided ``url``.</doc>
<arguments>
<arg>https://the-internet.herokuapp.com/</arg>
</arguments>
<msg timestamp="20210503 04:05:50.096" level="INFO">Opening url 'https://the-internet.herokuapp.com/'</msg>
<status status="PASS" starttime="20210503 04:05:50.095" endtime="20210503 04:05:50.320"></status>
</kw>
<status status="PASS" starttime="20210503 04:05:36.135" endtime="20210503 04:05:50.321"></status>
</kw>
<status status="PASS" starttime="20210503 04:05:36.134" endtime="20210503 04:05:50.321" critical="yes"></status>
</test>
<kw name="closedriver" library="testBase" type="teardown">
<kw name="Close Browser" library="SeleniumLibrary">
<doc>Closes the current browser.</doc>
<status status="PASS" starttime="20210503 04:05:50.322" endtime="20210503 04:05:52.450"></status>
</kw>
<status status="PASS" starttime="20210503 04:05:50.322" endtime="20210503 04:05:52.451"></status>
</kw>
<status status="PASS" starttime="20210503 04:05:01.508" endtime="20210503 04:05:52.451"></status>
</suite>
<status status="PASS" starttime="20210503 04:05:01.505" endtime="20210503 04:05:52.456"></status>
</suite>
<status status="PASS" starttime="20210503 04:05:01.486" endtime="20210503 04:05:52.458"></status>
</suite>
<statistics>
<total>
<stat pass="3" fail="0">Critical Tests</stat>
<stat pass="3" fail="0">All Tests</stat>
</total>
<tag>
</tag>
<suite>
<stat pass="3" fail="0" id="s1" name="New Project">New Project</stat>
<stat pass="3" fail="0" id="s1-s1" name="Test">New Project.Test</stat>
<stat pass="3" fail="0" id="s1-s1-s1" name="LoginTest">New Project.Test.LoginTest</stat>
</suite>
</statistics>
<errors>
<msg timestamp="20210503 04:05:21.949" level="WARN">Multiple test cases with name 'check using DDT' executed in test suite 'New Project.Test.LoginTest'.</msg>
<msg timestamp="20210503 04:05:36.133" level="WARN">Multiple test cases with name 'check using DDT' executed in test suite 'New Project.Test.LoginTest'.</msg>
</errors>
</robot>
